2021-07-15_14-06-47 [background-preinit] INFO  o.h.validator.internal.util.Version - HV000001: Hibernate Validator 6.1.7.Final
2021-07-15_14-06-47 [restartedMain] INFO  c.c.p.p.ProcessPensionMicroserviceApplication - Starting ProcessPensionMicroserviceApplication using Java 15.0.2 on LAPTOP-0AALEG97 with PID 19404 (C:\Users\DEEPANSHU\Desktop\Pension-Management-System-main\ProcessPension-Microservice\target\classes started by DEEPANSHU in C:\Users\DEEPANSHU\Desktop\Pension-Management-System-main\ProcessPension-Microservice)
2021-07-15_14-06-47 [restartedMain] INFO  c.c.p.p.ProcessPensionMicroserviceApplication - No active profile set, falling back to default profiles: default
2021-07-15_14-06-47 [restartedMain] INFO  o.s.b.d.e.DevToolsPropertyDefaultsPostProcessor - Devtools property defaults active! Set 'spring.devtools.add-properties' to 'false' to disable
2021-07-15_14-06-47 [restartedMain] INFO  o.s.b.d.e.DevToolsPropertyDefaultsPostProcessor - For additional web related logging consider setting the 'logging.level.web' property to 'DEBUG'
2021-07-15_14-06-47 [restartedMain] INFO  o.s.cloud.context.scope.GenericScope - BeanFactory id=1142edd2-2b2c-39aa-b573-8c6b41a17bfb
2021-07-15_14-06-47 [restartedMain] INFO  o.s.c.s.PostProcessorRegistrationDelegate$BeanPostProcessorChecker - Bean 'com.cts.pension.process.feignclient.AuthorisingClient' of type [org.springframework.cloud.openfeign.FeignClientFactoryBean] is not eligible for getting processed by all BeanPostProcessors (for example: not eligible for auto-proxying)
2021-07-15_14-06-47 [restartedMain] INFO  o.s.c.s.PostProcessorRegistrationDelegate$BeanPostProcessorChecker - Bean 'com.cts.pension.process.feignclient.PensionDisbursementFeignClient' of type [org.springframework.cloud.openfeign.FeignClientFactoryBean] is not eligible for getting processed by all BeanPostProcessors (for example: not eligible for auto-proxying)
2021-07-15_14-06-47 [restartedMain] INFO  o.s.c.s.PostProcessorRegistrationDelegate$BeanPostProcessorChecker - Bean 'com.cts.pension.process.feignclient.PensionerDetailFeignClient' of type [org.springframework.cloud.openfeign.FeignClientFactoryBean] is not eligible for getting processed by all BeanPostProcessors (for example: not eligible for auto-proxying)
2021-07-15_14-06-47 [restartedMain] INFO  o.s.b.w.e.tomcat.TomcatWebServer - Tomcat initialized with port(s): 8100 (http)
2021-07-15_14-06-47 [restartedMain] INFO  o.a.coyote.http11.Http11NioProtocol - Initializing ProtocolHandler ["http-nio-8100"]
2021-07-15_14-06-47 [restartedMain] INFO  o.a.catalina.core.StandardService - Starting service [Tomcat]
2021-07-15_14-06-47 [restartedMain] INFO  o.a.catalina.core.StandardEngine - Starting Servlet engine: [Apache Tomcat/9.0.41]
2021-07-15_14-06-47 [restartedMain] INFO  o.a.c.c.C.[.[localhost].[/process] - Initializing Spring embedded WebApplicationContext
2021-07-15_14-06-47 [restartedMain] INFO  o.s.b.w.s.c.ServletWebServerApplicationContext - Root WebApplicationContext: initialization completed in 2412 ms
2021-07-15_14-06-47 [restartedMain] INFO  o.s.s.c.ThreadPoolTaskExecutor - Initializing ExecutorService 'applicationTaskExecutor'
2021-07-15_14-06-47 [restartedMain] INFO  o.s.b.a.e.web.EndpointLinksResolver - Exposing 2 endpoint(s) beneath base path '/actuator'
2021-07-15_14-06-47 [restartedMain] INFO  o.a.coyote.http11.Http11NioProtocol - Starting ProtocolHandler ["http-nio-8100"]
2021-07-15_14-06-47 [restartedMain] INFO  o.s.b.w.e.tomcat.TomcatWebServer - Tomcat started on port(s): 8100 (http) with context path '/process'
2021-07-15_14-06-47 [restartedMain] INFO  c.c.p.p.ProcessPensionMicroserviceApplication - Started ProcessPensionMicroserviceApplication in 4.732 seconds (JVM running for 5.512)
2021-07-15_14-06-47 [http-nio-8100-exec-1] INFO  o.a.c.c.C.[.[localhost].[/process] - Initializing Spring DispatcherServlet 'dispatcherServlet'
2021-07-15_14-06-47 [http-nio-8100-exec-1] INFO  o.s.web.servlet.DispatcherServlet - Initializing Servlet 'dispatcherServlet'
2021-07-15_14-06-47 [http-nio-8100-exec-1] INFO  o.s.web.servlet.DispatcherServlet - Completed initialization in 1 ms
2021-07-15_23-38-51 [Thread-1] INFO  o.s.s.c.ThreadPoolTaskExecutor - Shutting down ExecutorService 'applicationTaskExecutor'
2021-07-15_23-39-01 [restartedMain] INFO  o.s.b.d.e.DevToolsPropertyDefaultsPostProcessor - Devtools property defaults active! Set 'spring.devtools.add-properties' to 'false' to disable
2021-07-15_23-39-01 [restartedMain] INFO  o.s.b.d.e.DevToolsPropertyDefaultsPostProcessor - For additional web related logging consider setting the 'logging.level.web' property to 'DEBUG'
2021-07-15_23-39-02 [restartedMain] INFO  c.c.p.p.ProcessPensionMicroserviceApplication - Starting ProcessPensionMicroserviceApplication using Java 15.0.2 on LAPTOP-0AALEG97 with PID 19404 (C:\Users\DEEPANSHU\Desktop\Pension-Management-System-main\ProcessPension-Microservice\target\classes started by DEEPANSHU in C:\Users\DEEPANSHU\Desktop\Pension-Management-System-main\ProcessPension-Microservice)
2021-07-15_23-39-02 [restartedMain] INFO  c.c.p.p.ProcessPensionMicroserviceApplication - No active profile set, falling back to default profiles: default
2021-07-15_23-39-02 [restartedMain] INFO  o.s.cloud.context.scope.GenericScope - BeanFactory id=1142edd2-2b2c-39aa-b573-8c6b41a17bfb
2021-07-15_23-39-02 [restartedMain] INFO  o.s.c.s.PostProcessorRegistrationDelegate$BeanPostProcessorChecker - Bean 'com.cts.pension.process.feignclient.AuthorisingClient' of type [org.springframework.cloud.openfeign.FeignClientFactoryBean] is not eligible for getting processed by all BeanPostProcessors (for example: not eligible for auto-proxying)
2021-07-15_23-39-02 [restartedMain] INFO  o.s.c.s.PostProcessorRegistrationDelegate$BeanPostProcessorChecker - Bean 'com.cts.pension.process.feignclient.PensionDisbursementFeignClient' of type [org.springframework.cloud.openfeign.FeignClientFactoryBean] is not eligible for getting processed by all BeanPostProcessors (for example: not eligible for auto-proxying)
2021-07-15_23-39-02 [restartedMain] INFO  o.s.c.s.PostProcessorRegistrationDelegate$BeanPostProcessorChecker - Bean 'com.cts.pension.process.feignclient.PensionerDetailFeignClient' of type [org.springframework.cloud.openfeign.FeignClientFactoryBean] is not eligible for getting processed by all BeanPostProcessors (for example: not eligible for auto-proxying)
2021-07-15_23-39-02 [restartedMain] INFO  o.s.b.w.e.tomcat.TomcatWebServer - Tomcat initialized with port(s): 8100 (http)
2021-07-15_23-39-02 [restartedMain] INFO  o.a.coyote.http11.Http11NioProtocol - Initializing ProtocolHandler ["http-nio-8100"]
2021-07-15_23-39-02 [restartedMain] INFO  o.a.catalina.core.StandardService - Starting service [Tomcat]
2021-07-15_23-39-02 [restartedMain] INFO  o.a.catalina.core.StandardEngine - Starting Servlet engine: [Apache Tomcat/9.0.41]
2021-07-15_23-39-02 [restartedMain] INFO  o.a.c.c.C.[.[localhost].[/process] - Initializing Spring embedded WebApplicationContext
2021-07-15_23-39-02 [restartedMain] INFO  o.s.b.w.s.c.ServletWebServerApplicationContext - Root WebApplicationContext: initialization completed in 2248 ms
2021-07-15_23-39-02 [restartedMain] INFO  o.s.s.c.ThreadPoolTaskExecutor - Initializing ExecutorService 'applicationTaskExecutor'
2021-07-15_23-39-02 [restartedMain] INFO  o.s.b.a.e.web.EndpointLinksResolver - Exposing 2 endpoint(s) beneath base path '/actuator'
2021-07-15_23-39-02 [restartedMain] INFO  o.a.coyote.http11.Http11NioProtocol - Starting ProtocolHandler ["http-nio-8100"]
2021-07-15_23-39-02 [restartedMain] INFO  o.s.b.w.e.tomcat.TomcatWebServer - Tomcat started on port(s): 8100 (http) with context path '/process'
2021-07-15_23-39-02 [restartedMain] INFO  c.c.p.p.ProcessPensionMicroserviceApplication - Started ProcessPensionMicroserviceApplication in 6.668 seconds (JVM running for 34347.768)
2021-07-15_23-39-02 [restartedMain] INFO  o.s.b.d.a.ConditionEvaluationDeltaLoggingListener - Condition evaluation unchanged
2021-07-15_23-39-02 [Thread-8] INFO  o.s.s.c.ThreadPoolTaskExecutor - Shutting down ExecutorService 'applicationTaskExecutor'
2021-07-15_23-39-32 [restartedMain] INFO  o.s.b.d.e.DevToolsPropertyDefaultsPostProcessor - Devtools property defaults active! Set 'spring.devtools.add-properties' to 'false' to disable
2021-07-15_23-39-32 [restartedMain] INFO  o.s.b.d.e.DevToolsPropertyDefaultsPostProcessor - For additional web related logging consider setting the 'logging.level.web' property to 'DEBUG'
2021-07-15_23-39-40 [restartedMain] INFO  c.c.p.p.ProcessPensionMicroserviceApplication - Starting ProcessPensionMicroserviceApplication using Java 15.0.2 on LAPTOP-0AALEG97 with PID 19404 (C:\Users\DEEPANSHU\Desktop\Pension-Management-System-main\ProcessPension-Microservice\target\classes started by DEEPANSHU in C:\Users\DEEPANSHU\Desktop\Pension-Management-System-main\ProcessPension-Microservice)
2021-07-15_23-39-40 [restartedMain] INFO  c.c.p.p.ProcessPensionMicroserviceApplication - No active profile set, falling back to default profiles: default
2021-07-15_23-39-40 [restartedMain] INFO  o.s.cloud.context.scope.GenericScope - BeanFactory id=1142edd2-2b2c-39aa-b573-8c6b41a17bfb
2021-07-15_23-39-40 [restartedMain] INFO  o.s.c.s.PostProcessorRegistrationDelegate$BeanPostProcessorChecker - Bean 'com.cts.pension.process.feignclient.AuthorisingClient' of type [org.springframework.cloud.openfeign.FeignClientFactoryBean] is not eligible for getting processed by all BeanPostProcessors (for example: not eligible for auto-proxying)
2021-07-15_23-39-40 [restartedMain] INFO  o.s.c.s.PostProcessorRegistrationDelegate$BeanPostProcessorChecker - Bean 'com.cts.pension.process.feignclient.PensionDisbursementFeignClient' of type [org.springframework.cloud.openfeign.FeignClientFactoryBean] is not eligible for getting processed by all BeanPostProcessors (for example: not eligible for auto-proxying)
2021-07-15_23-39-40 [restartedMain] INFO  o.s.c.s.PostProcessorRegistrationDelegate$BeanPostProcessorChecker - Bean 'com.cts.pension.process.feignclient.PensionerDetailFeignClient' of type [org.springframework.cloud.openfeign.FeignClientFactoryBean] is not eligible for getting processed by all BeanPostProcessors (for example: not eligible for auto-proxying)
2021-07-15_23-39-40 [restartedMain] INFO  o.s.b.w.e.tomcat.TomcatWebServer - Tomcat initialized with port(s): 8100 (http)
2021-07-15_23-39-40 [restartedMain] INFO  o.a.catalina.core.StandardService - Starting service [Tomcat]
2021-07-15_23-39-40 [restartedMain] INFO  o.a.catalina.core.StandardEngine - Starting Servlet engine: [Apache Tomcat/9.0.41]
2021-07-15_23-39-40 [restartedMain] INFO  o.a.c.c.C.[.[localhost].[/process] - Initializing Spring embedded WebApplicationContext
2021-07-15_23-39-40 [restartedMain] INFO  o.s.b.w.s.c.ServletWebServerApplicationContext - Root WebApplicationContext: initialization completed in 1324 ms
2021-07-15_23-39-40 [restartedMain] INFO  o.s.s.c.ThreadPoolTaskExecutor - Initializing ExecutorService 'applicationTaskExecutor'
2021-07-15_23-39-40 [restartedMain] INFO  o.s.b.a.e.web.EndpointLinksResolver - Exposing 2 endpoint(s) beneath base path '/actuator'
2021-07-15_23-39-40 [restartedMain] INFO  o.s.b.w.e.tomcat.TomcatWebServer - Tomcat started on port(s): 8100 (http) with context path '/process'
2021-07-15_23-39-40 [restartedMain] INFO  c.c.p.p.ProcessPensionMicroserviceApplication - Started ProcessPensionMicroserviceApplication in 2.785 seconds (JVM running for 34383.502)
2021-07-15_23-39-40 [restartedMain] INFO  o.s.b.d.a.ConditionEvaluationDeltaLoggingListener - Condition evaluation unchanged
